Input System module state changed to: Initialized.
[Physics::Module] Initialized fallback backend.
[Physics::Module] Id: 0xdecafbad
Initialize engine version: 6000.0.72f1 (b731fd3ae857)
[Subsystems] Discovering subsystems at path E:/SteamLibrary/steamapps/common/TaskbarHero/TaskBarHeroSB_Data/UnitySubsystems
kGfxThreadingModeSplitJobs is not supported on Direct3D 11. Reverting to kGfxThreadingModeClientWorkerJobs instead.
GfxDevice: creating device client; kGfxThreadingModeClientWorkerJobs
Direct3D:
    Version:  Direct3D 11.0 [level 11.1]
    Renderer: AMD Radeon(TM) Graphics (ID=0x1638)
    Vendor:   ATI
    VRAM:     24216 MB
    Driver:   31.0.21923.11000
[Physics::Module] Selected backend.
[Physics::Module] Name: PhysX
[Physics::Module] Id: 0xf2b8ea05
[Physics::Module] SDK Version: 4.1.2
[Physics::Module] Integration Version: 1.0.0
[Physics::Module] Threading Mode: Multi-Threaded
D3D11 device created for Microsoft Media Foundation video decoding.
<RI> Initializing input.
Using Windows.Gaming.Input
<RI> Input initialized.
UnloadTime: 9.232200 ms
Odin Serializer ArchitectureInfo initialization with defaults (all unaligned read/writes disabled).
UnityEngine.DebugLogHandler:Internal_Log(LogType, LogOption, String, Object)
UnityEngine.Logger:Log(LogType, Object)
UnityEngine.Debug:Log(Object)
Sirenix.Serialization.UnitySerializationInitializer:Initialize()

Odin Serializer detected whitelisted runtime platform WindowsPlayer and memory read test succeeded; enabling all unaligned memory read/writes.
UnityEngine.DebugLogHandler:Internal_Log(LogType, LogOption, String, Object)
UnityEngine.Logger:Log(LogType, Object)
UnityEngine.Debug:Log(Object)
Sirenix.Serialization.ArchitectureInfo:SetRuntimePlatform(RuntimePlatform)
Sirenix.Serialization.UnitySerializationInitializer:Initialize()

The character with Unicode value \u00A9 was not found in the [NotoSans-SemiBold SDF] font asset or any potential fallbacks. It was replaced by Unicode character \u0020 in text object [Text (TMP) (1)].
UnityEngine.DebugLogHandler:Internal_Log(LogType, LogOption, String, Object)
UnityEngine.Logger:Log(LogType, Object, Object)
UnityEngine.Debug:LogWarning(Object, Object)
TMPro.TextMeshProUGUI:SetArraySizes(TextProcessingElement[])
TMPro.TextMeshProUGUI:OnPreRenderCanvas()
TMPro.TextMeshProUGUI:Rebuild(CanvasUpdate)
UnityEngine.UI.CanvasUpdateRegistry:PerformUpdate()
TaskbarHero.UI.RectTransformTextWidthHeightSetter:lam()

The character with Unicode value \u00A9 was not found in the [NotoSans-SemiBold SDF] font asset or any potential fallbacks. It was replaced by Unicode character \u0020 in text object [Text (TMP) (1)].
UnityEngine.DebugLogHandler:Internal_Log(LogType, LogOption, String, Object)
UnityEngine.Logger:Log(LogType, Object, Object)
UnityEngine.Debug:LogWarning(Object, Object)
TMPro.TextMeshProUGUI:SetArraySizes(TextProcessingElement[])
TMPro.TextMeshProUGUI:OnPreRenderCanvas()
TMPro.TextMeshProUGUI:Rebuild(CanvasUpdate)
UnityEngine.UI.CanvasUpdateRegistry:PerformUpdate()
TaskbarHero.UI.RectTransformTextWidthHeightSetter:lam()

DontDestroyOnLoad only works for root GameObjects or components on root GameObjects.
DontDestroyOnLoad only works for root GameObjects or components on root GameObjects.
yv:Awake()

[ line -189863032]

Initializing Steam Client API
UnityEngine.DebugLogHandler:Internal_Log(LogType, LogOption, String, Object)
UnityEngine.Logger:Log(LogType, Object)
UnityEngine.Debug:Log(Object)
Heathen.SteamworksIntegration.API.Client:Initialize(AppData, InventorySettings, LeaderboardObject[], InputAction[])
Heathen.SteamworksIntegration.SteamSettings:Initialize()

Local User: CaviLouis:0
UnityEngine.DebugLogHandler:Internal_Log(LogType, LogOption, String, Object)
UnityEngine.Logger:Log(LogType, Object)
UnityEngine.Debug:Log(Object)
Heathen.SteamworksIntegration.API.Client:Initialize(AppData, InventorySettings, LeaderboardObject[], InputAction[])
Heathen.SteamworksIntegration.SteamSettings:Initialize()

Steam API has been initialized with App ID: 3678970.
UnityEngine.DebugLogHandler:Internal_Log(LogType, LogOption, String, Object)
UnityEngine.Logger:Log(LogType, Object)
UnityEngine.Debug:Log(Object)
Heathen.SteamworksIntegration.API.Client:Initialize(AppData, InventorySettings, LeaderboardObject[], InputAction[])
Heathen.SteamworksIntegration.SteamSettings:Initialize()

Leaderboards ready
UnityEngine.DebugLogHandler:Internal_Log(LogType, LogOption, String, Object)
UnityEngine.Logger:Log(LogType, Object)
UnityEngine.Debug:Log(Object)
Heathen.SteamworksIntegration.API.<>c:<Initialize>b__7_1(EResult)
Heathen.SteamworksIntegration.LeaderboardData:GetAll(LeaderboardObject[], Action`1)
Heathen.SteamworksIntegration.API.Client:Initialize(AppData, InventorySettings, LeaderboardObject[], InputAction[])
Heathen.SteamworksIntegration.SteamSettings:Initialize()

RenderGraph is now enabled.
UnityEngine.DebugLogHandler:Internal_Log(LogType, LogOption, String, Object)
UnityEngine.Logger:Log(LogType, Object)
UnityEngine.Debug:Log(Object)
UnityEngine.Rendering.Universal.UniversalRenderPipeline:.ctor(UniversalRenderPipelineAsset)
UnityEngine.Rendering.Universal.UniversalRenderPipelineAsset:CreatePipeline()
UnityEngine.Rendering.RenderPipelineAsset:InternalCreatePipeline()
UnityEngine.Rendering.RenderPipelineManager:TryPrepareRenderPipeline(RenderPipelineAsset)
UnityEngine.Rendering.RenderPipelineManager:DoRenderLoop_Internal(RenderPipelineAsset, IntPtr, Object)

Unable to load the Steam App List, this will not have any adverse impact to functionality and simply means the list of app names is not pre-cashed: State = ProtocolError, Error Message = HTTP/1.1 404 Not Found
UnityEngine.DebugLogHandler:Internal_Log(LogType, LogOption, String, Object)
UnityEngine.Logger:Log(LogType, Object)
UnityEngine.Debug:LogWarning(Object)
Heathen.SteamworksIntegration.API.<>c__DisplayClass11_0:<LoadAppNames>b__0(AsyncOperation)
UnityEngine.AsyncOperation:InvokeCompletionEvent()

[CoreTBH_DebugLog] : [SaveDataManager] 로드 성공: C:/Users/fmani/AppData/LocalLow/TesseractStudio/TaskBarHero\SaveFile_Live.es3
UnityEngine.DebugLogHandler:Internal_Log(LogType, LogOption, String, Object)
UnityEngine.Logger:Log(LogType, Object)
UnityEngine.Debug:Log(Object)
bal:mcr(String)
bal:mcq()
qc:MoveNext()
UnityEngine.SetupCoroutine:InvokeMoveNext(IEnumerator, IntPtr)

[CoreTBH_DebugLog] : [WaitQueue] 진입 - App.Initialized 대기 시작 (현재 Initialized=True)
UnityEngine.DebugLogHandler:Internal_Log(LogType, LogOption, String, Object)
UnityEngine.Logger:Log(LogType, Object)
UnityEngine.Debug:Log(Object)
<WaitQueue>d__14:MoveNext()
pv:hab()
qf:MoveNext()
UnityEngine.SetupCoroutine:InvokeMoveNext(IEnumerator, IntPtr)

[CoreTBH_DebugLog] : [WaitQueue] App.Initialized 확인됨 (0s 대기 후 통과)
UnityEngine.DebugLogHandler:Internal_Log(LogType, LogOption, String, Object)
UnityEngine.Logger:Log(LogType, Object)
UnityEngine.Debug:Log(Object)
<WaitQueue>d__14:MoveNext()
pv:hab()
qf:MoveNext()
UnityEngine.SetupCoroutine:InvokeMoveNext(IEnumerator, IntPtr)

[CoreTBH_DebugLog] : [WaitQueue] steamID=76561198692861367, seed=716866998, waitMinutes=7, waitSeconds=36, endTime=2026-06-20 17:07:36Z
UnityEngine.DebugLogHandler:Internal_Log(LogType, LogOption, String, Object)
UnityEngine.Logger:Log(LogType, Object)
UnityEngine.Debug:Log(Object)
<WaitQueue>d__14:MoveNext()
Cysharp.Threading.Tasks.UniTaskCompletionSourceCore`1:urs(TResult)
Cysharp.Threading.Tasks.cpg:MoveNext()
dao:wha()

[CoreTBH_DebugLog] : [WaitQueue] 큐 루프 시작 - serverRealTime(raw)=1782048977, endTime=2026-06-20 17:07:36Z
UnityEngine.DebugLogHandler:Internal_Log(LogType, LogOption, String, Object)
UnityEngine.Logger:Log(LogType, Object)
UnityEngine.Debug:Log(Object)
<WaitQueue>d__14:MoveNext()
Cysharp.Threading.Tasks.UniTaskCompletionSourceCore`1:urs(TResult)
Cysharp.Threading.Tasks.cpg:MoveNext()
dao:wha()

[CoreTBH_DebugLog] : [WaitQueue] 즉시 통과 (입장 시각 이미 경과)
UnityEngine.DebugLogHandler:Internal_Log(LogType, LogOption, String, Object)
UnityEngine.Logger:Log(LogType, Object)
UnityEngine.Debug:Log(Object)
<WaitQueue>d__14:MoveNext()
Cysharp.Threading.Tasks.UniTaskCompletionSourceCore`1:urs(TResult)
Cysharp.Threading.Tasks.cpg:MoveNext()
dao:wha()

backend.dat load success
UnityEngine.DebugLogHandler:Internal_Log(LogType, LogOption, String, Object)
UnityEngine.Logger:Log(LogType, Object)
UnityEngine.Debug:Log(Object)
BackEnd.Backend:hI89JOPVA(BackendCustomSetting)
BackEnd.Backend:InitializeAsync(BackendCustomSetting, BackendCallback)
BackEnd.Backend:InitializeAsync(BackendCallback)
qf:MoveNext()
UnityEngine.SetupCoroutine:InvokeMoveNext(IEnumerator, IntPtr)

SendQueueThread: Start
UnityEngine.DebugLogHandler:Internal_Log(LogType, LogOption, String, Object)
UnityEngine.Logger:Log(LogType, Object)
UnityEngine.Debug:Log(Object)
BackEnd.SendQueue:StartSendQueue(Boolean, ExceptionEvent)
BackEnd.<InitializeAsyncIEnum>d__130:MoveNext()
UnityEngine.SetupCoroutine:InvokeMoveNext(IEnumerator, IntPtr)

TheBackend dll v5.18.11
UnityEngine.DebugLogHandler:Internal_Log(LogType, LogOption, String, Object)
UnityEngine.Logger:Log(LogType, Object)
UnityEngine.Debug:Log(Object)
System.Reflection.RuntimeConstructorInfo:InternalInvoke(Object, Object[], Boolean)
System.RuntimeType:CreateInstanceMono(Boolean, Boolean)
System.Activator:CreateInstance()
System.Lazy`1:ViaFactory(LazyThreadSafetyMode)
System.Lazy`1:ExecutionAndPublication(LazyHelper, Boolean)
System.Lazy`1:get_Value()
BackEnd.Functions.BackendUtils:GetLatestVersion(VersionInfo, BackendCallback)
BackEnd.<>c__DisplayClass35_0`1:K8jqDHASue()
BackEnd.SendQueue:VTnp5ssnkh()
BackEnd.SendQueue:Enqueue(SendQueueDelegate1`1, T1, BackendCallback)
qf:MoveNext()
UnityEngine.SetupCoroutine:InvokeMoveNext(IEnumerator, IntPtr)

[CoreTBH_DebugLog] : [APPVERSION] Backend : 1.00.17, Client : 1.00.17
UnityEngine.DebugLogHandler:Internal_Log(LogType, LogOption, String, Object)
UnityEngine.Logger:Log(LogType, Object)
UnityEngine.Debug:Log(Object)
pw:hap(BackendReturnObject)
BackEnd.<>c__DisplayClass35_0`1:LU8qMtvRFn(BackendReturnObject)
s2grNdggDWH4ffEQlHi.<InvokeFunction>d__5`1:MoveNext()
UnityEngine.SetupCoroutine:InvokeMoveNext(IEnumerator, IntPtr)

[CoreTBH_DebugLog] : [LOGIN] 200 : Success
UnityEngine.DebugLogHandler:Internal_Log(LogType, LogOption, String, Object)
UnityEngine.Logger:Log(LogType, Object)
UnityEngine.Debug:Log(Object)
pq:gzv(BackendReturnObject)
BackEnd.<>c__DisplayClass36_0`2:hqsqFZ1hXf(BackendReturnObject)
s2grNdggDWH4ffEQlHi.<SendTaskAsync>d__12:MoveNext()
UnityEngine.SetupCoroutine:InvokeMoveNext(IEnumerator, IntPtr)

[CoreTBH_DebugLog] : [TIME] 2026-06-21T13:36:20.605Z : True , 200, Success
UnityEngine.DebugLogHandler:Internal_Log(LogType, LogOption, String, Object)
UnityEngine.Logger:Log(LogType, Object)
UnityEngine.Debug:Log(Object)
pr:gzw(BackendReturnObject)
BackEnd.<>c__DisplayClass34_0:QX1qPog4hv(BackendReturnObject)
s2grNdggDWH4ffEQlHi.<InvokeFunction>d__5`1:MoveNext()
UnityEngine.SetupCoroutine:InvokeMoveNext(IEnumerator, IntPtr)

[CoreTBH_DebugLog] : [PERSONAL SEED] 5
UnityEngine.DebugLogHandler:Internal_Log(LogType, LogOption, String, Object)
UnityEngine.Logger:Log(LogType, Object)
UnityEngine.Debug:Log(Object)
wk:jwc()
wk:jvc(Action`1)
qf:MoveNext()
UnityEngine.SetupCoroutine:InvokeMoveNext(IEnumerator, IntPtr)

[CoreTBH_DebugLog] : [GET MY DATA]
UnityEngine.DebugLogHandler:Internal_Log(LogType, LogOption, String, Object)
UnityEngine.Logger:Log(LogType, Object)
UnityEngine.Debug:Log(Object)
wh:jux(BackendReturnObject)
BackEnd.<>c__DisplayClass37_0`3:BnHqz8rGAd(BackendReturnObject)
BackEnd.Functions.<GetDataCoroutine>d__12:MoveNext()
UnityEngine.SetupCoroutine:InvokeMoveNext(IEnumerator, IntPtr)

[CoreTBH_DebugLog] : [GET MY DATA] STEAM ITEM INFO : 200 : Success
UnityEngine.DebugLogHandler:Internal_Log(LogType, LogOption, String, Object)
UnityEngine.Logger:Log(LogType, Object)
UnityEngine.Debug:Log(Object)
wi:juy(BackendReturnObject)
BackEnd.<>c__DisplayClass37_0`3:BnHqz8rGAd(BackendReturnObject)
BackEnd.Functions.<GetDataCoroutine>d__12:MoveNext()
UnityEngine.SetupCoroutine:InvokeMoveNext(IEnumerator, IntPtr)

[CoreTBH_DebugLog] : [GET MY DATA] CompleteInitFromBackend
UnityEngine.DebugLogHandler:Internal_Log(LogType, LogOption, String, Object)
UnityEngine.Logger:Log(LogType, Object)
UnityEngine.Debug:Log(Object)
wk:jvd(JsonData, JsonData, JsonData, Action`1, Boolean)
wi:juy(BackendReturnObject)
BackEnd.<>c__DisplayClass37_0`3:BnHqz8rGAd(BackendReturnObject)
BackEnd.Functions.<GetDataCoroutine>d__12:MoveNext()
UnityEngine.SetupCoroutine:InvokeMoveNext(IEnumerator, IntPtr)

[CoreTBH_DebugLog] : SAVE USE BOX LIST = 705522768877413091
UnityEngine.DebugLogHandler:Internal_Log(LogType, LogOption, String, Object)
UnityEngine.Logger:Log(LogType, Object)
UnityEngine.Debug:Log(Object)
vw:jta(StageCache)
uu:jeu(StageCache)
uu:jet()
qd:MoveNext()
UnityEngine.SetupCoroutine:InvokeMoveNext(IEnumerator, IntPtr)

[CoreTBH_DebugLog] : SAVE USE BOX LIST = 705522768877413189
UnityEngine.DebugLogHandler:Internal_Log(LogType, LogOption, String, Object)
UnityEngine.Logger:Log(LogType, Object)
UnityEngine.Debug:Log(Object)
vw:jta(StageCache)
uu:jeu(StageCache)
uu:jet()
qd:MoveNext()
UnityEngine.SetupCoroutine:InvokeMoveNext(IEnumerator, IntPtr)

[CoreTBH_DebugLog] : SAVE USE BOX LIST = 705522768877413191
UnityEngine.DebugLogHandler:Internal_Log(LogType, LogOption, String, Object)
UnityEngine.Logger:Log(LogType, Object)
UnityEngine.Debug:Log(Object)
vw:jta(StageCache)
uu:jeu(StageCache)
uu:jet()
qd:MoveNext()
UnityEngine.SetupCoroutine:InvokeMoveNext(IEnumerator, IntPtr)

[CoreTBH_DebugLog] : SAVE USE BOX LIST = 705522768877413193
UnityEngine.DebugLogHandler:Internal_Log(LogType, LogOption, String, Object)
UnityEngine.Logger:Log(LogType, Object)
UnityEngine.Debug:Log(Object)
vw:jta(StageCache)
uu:jeu(StageCache)
uu:jet()
qd:MoveNext()
UnityEngine.SetupCoroutine:InvokeMoveNext(IEnumerator, IntPtr)

[CoreTBH_DebugLog] : SAVE USE BOX LIST = 705522768877413195
UnityEngine.DebugLogHandler:Internal_Log(LogType, LogOption, String, Object)
UnityEngine.Logger:Log(LogType, Object)
UnityEngine.Debug:Log(Object)
vw:jta(StageCache)
uu:jeu(StageCache)
uu:jet()
qd:MoveNext()
UnityEngine.SetupCoroutine:InvokeMoveNext(IEnumerator, IntPtr)

[CoreTBH_DebugLog] : SAVE USE BOX LIST = 705522768877413197
UnityEngine.DebugLogHandler:Internal_Log(LogType, LogOption, String, Object)
UnityEngine.Logger:Log(LogType, Object)
UnityEngine.Debug:Log(Object)
vw:jta(StageCache)
uu:jeu(StageCache)
uu:jet()
qd:MoveNext()
UnityEngine.SetupCoroutine:InvokeMoveNext(IEnumerator, IntPtr)

[CoreTBH_DebugLog] : SAVE USE BOX LIST = 705522768877413199
UnityEngine.DebugLogHandler:Internal_Log(LogType, LogOption, String, Object)
UnityEngine.Logger:Log(LogType, Object)
UnityEngine.Debug:Log(Object)
vw:jta(StageCache)
uu:jeu(StageCache)
uu:jet()
qd:MoveNext()
UnityEngine.SetupCoroutine:InvokeMoveNext(IEnumerator, IntPtr)

[CoreTBH_DebugLog] : SAVE USE BOX LIST = 705522768877413201
UnityEngine.DebugLogHandler:Internal_Log(LogType, LogOption, String, Object)
UnityEngine.Logger:Log(LogType, Object)
UnityEngine.Debug:Log(Object)
vw:jta(StageCache)
uu:jeu(StageCache)
uu:jet()
qd:MoveNext()
UnityEngine.SetupCoroutine:InvokeMoveNext(IEnumerator, IntPtr)

[CoreTBH_DebugLog] : SAVE GET BOX LIST = 705522768877413203
UnityEngine.DebugLogHandler:Internal_Log(LogType, LogOption, String, Object)
UnityEngine.Logger:Log(LogType, Object)
UnityEngine.Debug:Log(Object)
vw:jta(StageCache)
uu:jeu(StageCache)
uu:jet()
qd:MoveNext()
UnityEngine.SetupCoroutine:InvokeMoveNext(IEnumerator, IntPtr)

[CoreTBH_DebugLog] : SAVE GET BOX LIST = 705522768877413147
UnityEngine.DebugLogHandler:Internal_Log(LogType, LogOption, String, Object)
UnityEngine.Logger:Log(LogType, Object)
UnityEngine.Debug:Log(Object)
vw:jta(StageCache)
uu:jeu(StageCache)
uu:jet()
qd:MoveNext()
UnityEngine.SetupCoroutine:InvokeMoveNext(IEnumerator, IntPtr)

[CoreTBH_DebugLog] : SAVE GET BOX LIST = 705522768877413247
UnityEngine.DebugLogHandler:Internal_Log(LogType, LogOption, String, Object)
UnityEngine.Logger:Log(LogType, Object)
UnityEngine.Debug:Log(Object)
vw:jta(StageCache)
uu:jeu(StageCache)
uu:jet()
qd:MoveNext()
UnityEngine.SetupCoroutine:InvokeMoveNext(IEnumerator, IntPtr)

[CoreTBH_DebugLog] : SAVE GET BOX LIST = 705522768877413249
UnityEngine.DebugLogHandler:Internal_Log(LogType, LogOption, String, Object)
UnityEngine.Logger:Log(LogType, Object)
UnityEngine.Debug:Log(Object)
vw:jta(StageCache)
uu:jeu(StageCache)
uu:jet()
qd:MoveNext()
UnityEngine.SetupCoroutine:InvokeMoveNext(IEnumerator, IntPtr)

[CoreTBH_DebugLog] : SAVE GET BOX LIST = 705522768877413251
UnityEngine.DebugLogHandler:Internal_Log(LogType, LogOption, String, Object)
UnityEngine.Logger:Log(LogType, Object)
UnityEngine.Debug:Log(Object)
vw:jta(StageCache)
uu:jeu(StageCache)
uu:jet()
qd:MoveNext()
UnityEngine.SetupCoroutine:InvokeMoveNext(IEnumerator, IntPtr)

[CoreTBH_DebugLog] : [PERSONAL SEED] 5
UnityEngine.DebugLogHandler:Internal_Log(LogType, LogOption, String, Object)
UnityEngine.Logger:Log(LogType, Object)
UnityEngine.Debug:Log(Object)
wk:jwc()
TaskbarHero.InventoryFunction:juh(Param)
TaskbarHero.InventoryProcessBox:GetParam()
pv:hai(vx)

GetBoxCount Success Count : 1 // ItemKey : 920651
UnityEngine.DebugLogHandler:Internal_Log(LogType, LogOption, String, Object)
UnityEngine.Logger:Log(LogType, Object)
UnityEngine.Debug:Log(Object)
ua:iuh(uc, Int32)
ua:itu(UInt64, Int32)
ue:iye(Int32, UInt64, Int32, Boolean)
wy:jyi()
qf:MoveNext()
UnityEngine.SetupCoroutine:InvokeMoveNext(IEnumerator, IntPtr)

GetBoxCount Success Count : 1 // ItemKey : 920651
UnityEngine.DebugLogHandler:Internal_Log(LogType, LogOption, String, Object)
UnityEngine.Logger:Log(LogType, Object)
UnityEngine.Debug:Log(Object)
ua:iuh(uc, Int32)
ua:itu(UInt64, Int32)
ue:iye(Int32, UInt64, Int32, Boolean)
wy:jyi()
qf:MoveNext()
UnityEngine.SetupCoroutine:InvokeMoveNext(IEnumerator, IntPtr)

GetBoxCount Success Count : 1 // ItemKey : 920651
UnityEngine.DebugLogHandler:Internal_Log(LogType, LogOption, String, Object)
UnityEngine.Logger:Log(LogType, Object)
UnityEngine.Debug:Log(Object)
ua:iuh(uc, Int32)
ua:itu(UInt64, Int32)
ue:iye(Int32, UInt64, Int32, Boolean)
wy:jyi()
qf:MoveNext()
UnityEngine.SetupCoroutine:InvokeMoveNext(IEnumerator, IntPtr)

GetBoxCount Success Count : 1 // ItemKey : 920651
UnityEngine.DebugLogHandler:Internal_Log(LogType, LogOption, String, Object)
UnityEngine.Logger:Log(LogType, Object)
UnityEngine.Debug:Log(Object)
ua:iuh(uc, Int32)
ua:itu(UInt64, Int32)
ue:iye(Int32, UInt64, Int32, Boolean)
wy:jyi()
qf:MoveNext()
UnityEngine.SetupCoroutine:InvokeMoveNext(IEnumerator, IntPtr)

GetBoxCount Success Count : 1 // ItemKey : 910651
UnityEngine.DebugLogHandler:Internal_Log(LogType, LogOption, String, Object)
UnityEngine.Logger:Log(LogType, Object)
UnityEngine.Debug:Log(Object)
ua:iuh(uc, Int32)
ua:itu(UInt64, Int32)
ue:iye(Int32, UInt64, Int32, Boolean)
wy:jyi()
qf:MoveNext()
UnityEngine.SetupCoroutine:InvokeMoveNext(IEnumerator, IntPtr)

The character with Unicode value \u00A9 was not found in the [NotoSans-SemiBold SDF] font asset or any potential fallbacks. It was replaced by Unicode character \u0020 in text object [Text (TMP) (1)].
UnityEngine.DebugLogHandler:Internal_Log(LogType, LogOption, String, Object)
UnityEngine.Logger:Log(LogType, Object, Object)
UnityEngine.Debug:LogWarning(Object, Object)
TMPro.TextMeshProUGUI:SetArraySizes(TextProcessingElement[])
TMPro.TextMeshProUGUI:OnPreRenderCanvas()
TaskbarHero.ql:MoveNext()
UnityEngine.SetupCoroutine:InvokeMoveNext(IEnumerator, IntPtr)

The character with Unicode value \u00A9 was not found in the [NotoSans-SemiBold SDF] font asset or any potential fallbacks. It was replaced by Unicode character \u0020 in text object [Text (TMP) (1)].
UnityEngine.DebugLogHandler:Internal_Log(LogType, LogOption, String, Object)
UnityEngine.Logger:Log(LogType, Object, Object)
UnityEngine.Debug:LogWarning(Object, Object)
TMPro.TextMeshProUGUI:SetArraySizes(TextProcessingElement[])
TMPro.TextMeshProUGUI:OnPreRenderCanvas()
TaskbarHero.ql:MoveNext()
UnityEngine.SetupCoroutine:InvokeMoveNext(IEnumerator, IntPtr)

[CoreTBH_DebugLog] : [OfflineReward] saved=1782042529, now=1782048982, delta=6453s, reward=6453s, counter=1910
UnityEngine.DebugLogHandler:Internal_Log(LogType, LogOption, String, Object)
UnityEngine.Logger:Log(LogType, Object)
UnityEngine.Debug:Log(Object)
qi:hdj()
qi:hdi()
qf:MoveNext()
UnityEngine.SetupCoroutine:InvokeMoveNext(IEnumerator, IntPtr)

[CoreTBH_DebugLog] : [OfflineReward] 산정+지급 완료: gold=2,815,572, heroCount=3
UnityEngine.DebugLogHandler:Internal_Log(LogType, LogOption, String, Object)
UnityEngine.Logger:Log(LogType, Object)
UnityEngine.Debug:Log(Object)
qi:hdj()
qi:hdi()
qf:MoveNext()
UnityEngine.SetupCoroutine:InvokeMoveNext(IEnumerator, IntPtr)

The character with Unicode value \u00A9 was not found in the [NotoSans-SemiBold SDF] font asset or any potential fallbacks. It was replaced by Unicode character \u0020 in text object [Text (TMP) (1)].
UnityEngine.DebugLogHandler:Internal_Log(LogType, LogOption, String, Object)
UnityEngine.Logger:Log(LogType, Object, Object)
UnityEngine.Debug:LogWarning(Object, Object)
TMPro.TextMeshProUGUI:SetArraySizes(TextProcessingElement[])
TMPro.TextMeshProUGUI:OnPreRenderCanvas()
TMPro.TextMeshProUGUI:Rebuild(CanvasUpdate)
UnityEngine.UI.CanvasUpdateRegistry:PerformUpdate()

[CoreTBH_DebugLog] : [MainController] TryRemoveOnlyServerHaveBackend
UnityEngine.DebugLogHandler:Internal_Log(LogType, LogOption, String, Object)
UnityEngine.Logger:Log(LogType, Object)
UnityEngine.Debug:Log(Object)
qj:hdz(List`1, EMovePivotTarget)
<SynchronizeInventoryByBackendData>d__9:MoveNext()
Cysharp.Threading.Tasks.UniTaskCompletionSourceCore`1:urs(TResult)
<CollectAllItemIdsAsync>d__4:MoveNext()
Cysharp.Threading.Tasks.UniTaskCompletionSourceCore`1:urs(TResult)
<GetAllItemIdListAsync>d__32:MoveNext()
Cysharp.Threading.Tasks.UniTaskCompletionSourceCore`1:urs(TResult)
Cysharp.Threading.Tasks.cpd:MoveNext()
dao:wha()

[CoreTBH_DebugLog] : [SteamIdReporter] Send failed: JSON parse error: Invalid value.
UnityEngine.DebugLogHandler:Internal_Log(LogType, LogOption, String, Object)
UnityEngine.Logger:Log(LogType, Object)
UnityEngine.Debug:Log(Object)
<TrySendOnceAsync>d__18:MoveNext()
dap`1:whd(a)
UnityEngine.AsyncOperation:InvokeCompletionEvent()

[CoreTBH_DebugLog] : [SteamIdReporter] Send failed: JSON parse error: Invalid value.
UnityEngine.DebugLogHandler:Internal_Log(LogType, LogOption, String, Object)
UnityEngine.Logger:Log(LogType, Object)
UnityEngine.Debug:Log(Object)
<TrySendOnceAsync>d__18:MoveNext()
dap`1:whd(a)
UnityEngine.AsyncOperation:InvokeCompletionEvent()

[CoreTBH_DebugLog] : [SteamIdReporter] Send failed: JSON parse error: Invalid value.
UnityEngine.DebugLogHandler:Internal_Log(LogType, LogOption, String, Object)
UnityEngine.Logger:Log(LogType, Object)
UnityEngine.Debug:Log(Object)
<TrySendOnceAsync>d__18:MoveNext()
dap`1:whd(a)
UnityEngine.AsyncOperation:InvokeCompletionEvent()

[CoreTBH_DebugLog] : [SteamIdReporter] Send failed: JSON parse error: Invalid value.
UnityEngine.DebugLogHandler:Internal_Log(LogType, LogOption, String, Object)
UnityEngine.Logger:Log(LogType, Object)
UnityEngine.Debug:Log(Object)
<TrySendOnceAsync>d__18:MoveNext()
dap`1:whd(a)
UnityEngine.AsyncOperation:InvokeCompletionEvent()

[CoreTBH_DebugLog] : [SteamIdReporter] Send failed: JSON parse error: Invalid value.
UnityEngine.DebugLogHandler:Internal_Log(LogType, LogOption, String, Object)
UnityEngine.Logger:Log(LogType, Object)
UnityEngine.Debug:Log(Object)
<TrySendOnceAsync>d__18:MoveNext()
dap`1:whd(a)
UnityEngine.AsyncOperation:InvokeCompletionEvent()

[CoreTBH_DebugLog] : [SteamIdReporter] Send failed: JSON parse error: Invalid value.
UnityEngine.DebugLogHandler:Internal_Log(LogType, LogOption, String, Object)
UnityEngine.Logger:Log(LogType, Object)
UnityEngine.Debug:Log(Object)
<TrySendOnceAsync>d__18:MoveNext()
dap`1:whd(a)
UnityEngine.AsyncOperation:InvokeCompletionEvent()

[CoreTBH_DebugLog] : [SteamIdReporter] Send failed: JSON parse error: Invalid value.
UnityEngine.DebugLogHandler:Internal_Log(LogType, LogOption, String, Object)
UnityEngine.Logger:Log(LogType, Object)
UnityEngine.Debug:Log(Object)
<TrySendOnceAsync>d__18:MoveNext()
dap`1:whd(a)
UnityEngine.AsyncOperation:InvokeCompletionEvent()

[CoreTBH_DebugLog] : [SteamIdReporter] Send failed: JSON parse error: Invalid value.
UnityEngine.DebugLogHandler:Internal_Log(LogType, LogOption, String, Object)
UnityEngine.Logger:Log(LogType, Object)
UnityEngine.Debug:Log(Object)
<TrySendOnceAsync>d__18:MoveNext()
dap`1:whd(a)
UnityEngine.AsyncOperation:InvokeCompletionEvent()

[CoreTBH_DebugLog] : [SteamIdReporter] Send failed: JSON parse error: Invalid value.
UnityEngine.DebugLogHandler:Internal_Log(LogType, LogOption, String, Object)
UnityEngine.Logger:Log(LogType, Object)
UnityEngine.Debug:Log(Object)
<TrySendOnceAsync>d__18:MoveNext()
dap`1:whd(a)
UnityEngine.AsyncOperation:InvokeCompletionEvent()

[CoreTBH_DebugLog] : [SteamIdReporter] Send failed: JSON parse error: Invalid value.
UnityEngine.DebugLogHandler:Internal_Log(LogType, LogOption, String, Object)
UnityEngine.Logger:Log(LogType, Object)
UnityEngine.Debug:Log(Object)
<TrySendOnceAsync>d__18:MoveNext()
dap`1:whd(a)
UnityEngine.AsyncOperation:InvokeCompletionEvent()

[CoreTBH_DebugLog] : [SteamIdReporter] Send failed: JSON parse error: Invalid value.
UnityEngine.DebugLogHandler:Internal_Log(LogType, LogOption, String, Object)
UnityEngine.Logger:Log(LogType, Object)
UnityEngine.Debug:Log(Object)
<TrySendOnceAsync>d__18:MoveNext()
dap`1:whd(a)
UnityEngine.AsyncOperation:InvokeCompletionEvent()

[CoreTBH_DebugLog] : [SteamIdReporter] Send failed: JSON parse error: Invalid value.
UnityEngine.DebugLogHandler:Internal_Log(LogType, LogOption, String, Object)
UnityEngine.Logger:Log(LogType, Object)
UnityEngine.Debug:Log(Object)
<TrySendOnceAsync>d__18:MoveNext()
dap`1:whd(a)
UnityEngine.AsyncOperation:InvokeCompletionEvent()

[CoreTBH_DebugLog] : [SteamIdReporter] Send failed: JSON parse error: Invalid value.
UnityEngine.DebugLogHandler:Internal_Log(LogType, LogOption, String, Object)
UnityEngine.Logger:Log(LogType, Object)
UnityEngine.Debug:Log(Object)
<TrySendOnceAsync>d__18:MoveNext()
dap`1:whd(a)
UnityEngine.AsyncOperation:InvokeCompletionEvent()

[CoreTBH_DebugLog] : [SteamIdReporter] Send failed: JSON parse error: Invalid value.
UnityEngine.DebugLogHandler:Internal_Log(LogType, LogOption, String, Object)
UnityEngine.Logger:Log(LogType, Object)
UnityEngine.Debug:Log(Object)
<TrySendOnceAsync>d__18:MoveNext()
dap`1:whd(a)
UnityEngine.AsyncOperation:InvokeCompletionEvent()

[CoreTBH_DebugLog] : [SteamIdReporter] Send failed: JSON parse error: Invalid value.
UnityEngine.DebugLogHandler:Internal_Log(LogType, LogOption, String, Object)
UnityEngine.Logger:Log(LogType, Object)
UnityEngine.Debug:Log(Object)
<TrySendOnceAsync>d__18:MoveNext()
dap`1:whd(a)
UnityEngine.AsyncOperation:InvokeCompletionEvent()

[CoreTBH_DebugLog] : [SteamIdReporter] Send failed: JSON parse error: Invalid value.
UnityEngine.DebugLogHandler:Internal_Log(LogType, LogOption, String, Object)
UnityEngine.Logger:Log(LogType, Object)
UnityEngine.Debug:Log(Object)
<TrySendOnceAsync>d__18:MoveNext()
dap`1:whd(a)
UnityEngine.AsyncOperation:InvokeCompletionEvent()

[CoreTBH_DebugLog] : [SteamIdReporter] Send failed: JSON parse error: Invalid value.
UnityEngine.DebugLogHandler:Internal_Log(LogType, LogOption, String, Object)
UnityEngine.Logger:Log(LogType, Object)
UnityEngine.Debug:Log(Object)
<TrySendOnceAsync>d__18:MoveNext()
dap`1:whd(a)
UnityEngine.AsyncOperation:InvokeCompletionEvent()

[CoreTBH_DebugLog] : [SteamIdReporter] Send failed: JSON parse error: Invalid value.
UnityEngine.DebugLogHandler:Internal_Log(LogType, LogOption, String, Object)
UnityEngine.Logger:Log(LogType, Object)
UnityEngine.Debug:Log(Object)
<TrySendOnceAsync>d__18:MoveNext()
dap`1:whd(a)
UnityEngine.AsyncOperation:InvokeCompletionEvent()

[CoreTBH_DebugLog] : [SteamIdReporter] Send failed: JSON parse error: Invalid value.
UnityEngine.DebugLogHandler:Internal_Log(LogType, LogOption, String, Object)
UnityEngine.Logger:Log(LogType, Object)
UnityEngine.Debug:Log(Object)
<TrySendOnceAsync>d__18:MoveNext()
dap`1:whd(a)
UnityEngine.AsyncOperation:InvokeCompletionEvent()

[CoreTBH_DebugLog] : [SteamIdReporter] Send failed: JSON parse error: Invalid value.
UnityEngine.DebugLogHandler:Internal_Log(LogType, LogOption, String, Object)
UnityEngine.Logger:Log(LogType, Object)
UnityEngine.Debug:Log(Object)
<TrySendOnceAsync>d__18:MoveNext()
dap`1:whd(a)
UnityEngine.AsyncOperation:InvokeCompletionEvent()

[CoreTBH_DebugLog] : [SteamIdReporter] 최대 재시도(20회) 초과. 전송 포기.
UnityEngine.DebugLogHandler:Internal_Log(LogType, LogOption, String, Object)
UnityEngine.Logger:Log(LogType, Object)
UnityEngine.Debug:Log(Object)
<SendAsync>d__17:MoveNext()
Cysharp.Threading.Tasks.UniTaskCompletionSourceCore`1:urs(TResult)
Cysharp.Threading.Tasks.cpg:MoveNext()
dao:wha()

GetBoxCount Success Count : 1 // ItemKey : 910651
UnityEngine.DebugLogHandler:Internal_Log(LogType, LogOption, String, Object)
UnityEngine.Logger:Log(LogType, Object)
UnityEngine.Debug:Log(Object)
ua:iuh(uc, Int32)
ua:itu(UInt64, Int32)
ue:iye(Int32, UInt64, Int32, Boolean)
ue:iyd(Int32, Action`1)
TaskbarHero.StageManager:igw(Int32, EStageType, Int32, Single, EMonsterType)
TaskbarHero.Manager.MonsterSpawnManager:koc(Unit, Int32, EMonsterType, EStageType, Int32, Int32, Single)
TaskbarHero.Monster:gqn(Unit)
ph:grc(Single, Unit)
TaskbarHero.Unit:gpx(DamageInfo, Boolean)
TaskbarHero.Monster:gpx(DamageInfo, Boolean)
TaskbarHero.Monster:edg(DamageInfo, Boolean)
bdd:moc(bed)
bdd:moa(List`1)
bdd:mnz()
bdc:MoveNext()
UnityEngine.SetupCoroutine:InvokeMoveNext(IEnumerator, IntPtr)

